DEBUG - 2026-02-25 04:55:48 --> Session: Class initialized using 'CodeIgniter\Session\Handlers\FileHandler' driver.
DEBUG - 2026-02-25 04:55:53 --> Session: Class initialized using 'CodeIgniter\Session\Handlers\FileHandler' driver.
DEBUG - 2026-02-25 04:56:01 --> Session: Class initialized using 'CodeIgniter\Session\Handlers\FileHandler' driver.
DEBUG - 2026-02-25 04:56:01 --> Session: Class initialized using 'CodeIgniter\Session\Handlers\FileHandler' driver.
DEBUG - 2026-02-25 04:56:49 --> Session: Class initialized using 'CodeIgniter\Session\Handlers\FileHandler' driver.
DEBUG - 2026-02-25 04:56:50 --> Session: Class initialized using 'CodeIgniter\Session\Handlers\FileHandler' driver.
DEBUG - 2026-02-25 04:57:01 --> Session: Class initialized using 'CodeIgniter\Session\Handlers\FileHandler' driver.
DEBUG - 2026-02-25 04:57:02 --> Session: Class initialized using 'CodeIgniter\Session\Handlers\FileHandler' driver.
DEBUG - 2026-02-25 04:57:04 --> Session: Class initialized using 'CodeIgniter\Session\Handlers\FileHandler' driver.
DEBUG - 2026-02-25 04:57:08 --> Session: Class initialized using 'CodeIgniter\Session\Handlers\FileHandler' driver.
DEBUG - 2026-02-25 04:57:08 --> Session: Class initialized using 'CodeIgniter\Session\Handlers\FileHandler' driver.
DEBUG - 2026-02-25 04:57:13 --> Session: Class initialized using 'CodeIgniter\Session\Handlers\FileHandler' driver.
DEBUG - 2026-02-25 04:57:14 --> Session: Class initialized using 'CodeIgniter\Session\Handlers\FileHandler' driver.
DEBUG - 2026-02-25 04:57:24 --> Session: Class initialized using 'CodeIgniter\Session\Handlers\FileHandler' driver.
DEBUG - 2026-02-25 04:57:24 --> Session: Class initialized using 'CodeIgniter\Session\Handlers\FileHandler' driver.
DEBUG - 2026-02-25 06:10:25 --> Session: Class initialized using 'CodeIgniter\Session\Handlers\FileHandler' driver.
ERROR - 2026-02-25 06:10:29 --> Error connecting to the database: mysqli_sql_exception: No connection could be made because the target machine actively refused it in C:\xampp\htdocs\irma ukk-pkt3\codeigniter4-framework-e4d3702\UKK_3\website\system\Database\MySQLi\Connection.php:201
Stack trace:
#0 C:\xampp\htdocs\irma ukk-pkt3\codeigniter4-framework-e4d3702\UKK_3\website\system\Database\MySQLi\Connection.php(201): mysqli->real_connect('127.0.0.1', 'root', Object(SensitiveParameterValue), 'pengaduan_saran...', 3306, '', 0)
#1 C:\xampp\htdocs\irma ukk-pkt3\codeigniter4-framework-e4d3702\UKK_3\website\system\Database\BaseConnection.php(419): CodeIgniter\Database\MySQLi\Connection->connect(false)
#2 C:\xampp\htdocs\irma ukk-pkt3\codeigniter4-framework-e4d3702\UKK_3\website\system\Database\BaseConnection.php(614): CodeIgniter\Database\BaseConnection->initialize()
#3 C:\xampp\htdocs\irma ukk-pkt3\codeigniter4-framework-e4d3702\UKK_3\website\system\Database\BaseBuilder.php(1733): CodeIgniter\Database\BaseConnection->query('SELECT COUNT(*)...', Array, false)
#4 C:\xampp\htdocs\irma ukk-pkt3\codeigniter4-framework-e4d3702\UKK_3\website\system\Model.php(675): CodeIgniter\Database\BaseBuilder->countAllResults(false)
#5 C:\xampp\htdocs\irma ukk-pkt3\codeigniter4-framework-e4d3702\UKK_3\website\system\BaseModel.php(1250): CodeIgniter\Model->countAllResults(false)
#6 C:\xampp\htdocs\irma ukk-pkt3\codeigniter4-framework-e4d3702\UKK_3\website\app\Controllers\Admin.php(43): CodeIgniter\BaseModel->paginate(10, 'laporan')
#7 C:\xampp\htdocs\irma ukk-pkt3\codeigniter4-framework-e4d3702\UKK_3\website\system\CodeIgniter.php(933): App\Controllers\Admin->index()
#8 C:\xampp\htdocs\irma ukk-pkt3\codeigniter4-framework-e4d3702\UKK_3\website\system\CodeIgniter.php(507): CodeIgniter\CodeIgniter->runController(Object(App\Controllers\Admin))
#9 C:\xampp\htdocs\irma ukk-pkt3\codeigniter4-framework-e4d3702\UKK_3\website\system\CodeIgniter.php(354): CodeIgniter\CodeIgniter->handleRequest(NULL, Object(Config\Cache), false)
#10 C:\xampp\htdocs\irma ukk-pkt3\codeigniter4-framework-e4d3702\UKK_3\website\system\Boot.php(363): CodeIgniter\CodeIgniter->run()
#11 C:\xampp\htdocs\irma ukk-pkt3\codeigniter4-framework-e4d3702\UKK_3\website\system\Boot.php(68): CodeIgniter\Boot::runCodeIgniter(Object(CodeIgniter\CodeIgniter))
#12 C:\xampp\htdocs\irma ukk-pkt3\codeigniter4-framework-e4d3702\UKK_3\website\public\index.php(59): CodeIgniter\Boot::bootWeb(Object(Config\Paths))
#13 C:\xampp\htdocs\irma ukk-pkt3\codeigniter4-framework-e4d3702\UKK_3\website\system\rewrite.php(44): require_once('C:\\xampp\\htdocs...')
#14 {main}

Next CodeIgniter\Database\Exceptions\DatabaseException: No connection could be made because the target machine actively refused it in C:\xampp\htdocs\irma ukk-pkt3\codeigniter4-framework-e4d3702\UKK_3\website\system\Database\MySQLi\Connection.php:246
Stack trace:
#0 C:\xampp\htdocs\irma ukk-pkt3\codeigniter4-framework-e4d3702\UKK_3\website\system\Database\BaseConnection.php(419): CodeIgniter\Database\MySQLi\Connection->connect(false)
#1 C:\xampp\htdocs\irma ukk-pkt3\codeigniter4-framework-e4d3702\UKK_3\website\system\Database\BaseConnection.php(614): CodeIgniter\Database\BaseConnection->initialize()
#2 C:\xampp\htdocs\irma ukk-pkt3\codeigniter4-framework-e4d3702\UKK_3\website\system\Database\BaseBuilder.php(1733): CodeIgniter\Database\BaseConnection->query('SELECT COUNT(*)...', Array, false)
#3 C:\xampp\htdocs\irma ukk-pkt3\codeigniter4-framework-e4d3702\UKK_3\website\system\Model.php(675): CodeIgniter\Database\BaseBuilder->countAllResults(false)
#4 C:\xampp\htdocs\irma ukk-pkt3\codeigniter4-framework-e4d3702\UKK_3\website\system\BaseModel.php(1250): CodeIgniter\Model->countAllResults(false)
#5 C:\xampp\htdocs\irma ukk-pkt3\codeigniter4-framework-e4d3702\UKK_3\website\app\Controllers\Admin.php(43): CodeIgniter\BaseModel->paginate(10, 'laporan')
#6 C:\xampp\htdocs\irma ukk-pkt3\codeigniter4-framework-e4d3702\UKK_3\website\system\CodeIgniter.php(933): App\Controllers\Admin->index()
#7 C:\xampp\htdocs\irma ukk-pkt3\codeigniter4-framework-e4d3702\UKK_3\website\system\CodeIgniter.php(507): CodeIgniter\CodeIgniter->runController(Object(App\Controllers\Admin))
#8 C:\xampp\htdocs\irma ukk-pkt3\codeigniter4-framework-e4d3702\UKK_3\website\system\CodeIgniter.php(354): CodeIgniter\CodeIgniter->handleRequest(NULL, Object(Config\Cache), false)
#9 C:\xampp\htdocs\irma ukk-pkt3\codeigniter4-framework-e4d3702\UKK_3\website\system\Boot.php(363): CodeIgniter\CodeIgniter->run()
#10 C:\xampp\htdocs\irma ukk-pkt3\codeigniter4-framework-e4d3702\UKK_3\website\system\Boot.php(68): CodeIgniter\Boot::runCodeIgniter(Object(CodeIgniter\CodeIgniter))
#11 C:\xampp\htdocs\irma ukk-pkt3\codeigniter4-framework-e4d3702\UKK_3\website\public\index.php(59): CodeIgniter\Boot::bootWeb(Object(Config\Paths))
#12 C:\xampp\htdocs\irma ukk-pkt3\codeigniter4-framework-e4d3702\UKK_3\website\system\rewrite.php(44): require_once('C:\\xampp\\htdocs...')
#13 {main}
CRITICAL - 2026-02-25 06:10:29 --> CodeIgniter\Database\Exceptions\DatabaseException: Unable to connect to the database.
Main connection [MySQLi]: No connection could be made because the target machine actively refused it
[Method: GET, Route: admin/dashboard]
in SYSTEMPATH\Database\BaseConnection.php on line 465.
 1 SYSTEMPATH\Database\BaseConnection.php(614): CodeIgniter\Database\BaseConnection->initialize()
 2 SYSTEMPATH\Database\BaseBuilder.php(1733): CodeIgniter\Database\BaseConnection->query('SELECT COUNT(*) AS `numrows`
FROM `input_aspirasi`
JOIN `kategori` ON `kategori`.`id_kategori` = `input_aspirasi`.`id_kategori`
JOIN `siswa` ON `siswa`.`nis` = `input_aspirasi`.`nis`
LEFT JOIN `aspirasi` ON `aspirasi`.`id_pelaporan` = `input_aspirasi`.`id_pelaporan`', [], false)
 3 SYSTEMPATH\Model.php(675): CodeIgniter\Database\BaseBuilder->countAllResults(false)
 4 SYSTEMPATH\BaseModel.php(1250): CodeIgniter\Model->countAllResults(false)
 5 APPPATH\Controllers\Admin.php(43): CodeIgniter\BaseModel->paginate(10, 'laporan')
 6 SYSTEMPATH\CodeIgniter.php(933): App\Controllers\Admin->index()
 7 SYSTEMPATH\CodeIgniter.php(507): CodeIgniter\CodeIgniter->runController(Object(App\Controllers\Admin))
 8 SYSTEMPATH\CodeIgniter.php(354): CodeIgniter\CodeIgniter->handleRequest(null, Object(Config\Cache), false)
 9 SYSTEMPATH\Boot.php(363): CodeIgniter\CodeIgniter->run()
10 SYSTEMPATH\Boot.php(68): CodeIgniter\Boot::runCodeIgniter(Object(CodeIgniter\CodeIgniter))
11 FCPATH\index.php(59): CodeIgniter\Boot::bootWeb(Object(Config\Paths))
12 SYSTEMPATH\rewrite.php(44): require_once('C:\\xampp\\htdocs\\irma ukk-pkt3\\codeigniter4-framework-e4d3702\\UKK_3\\website\\public\\index.php')
DEBUG - 2026-02-25 06:13:21 --> Session: Class initialized using 'CodeIgniter\Session\Handlers\FileHandler' driver.
DEBUG - 2026-02-25 06:13:31 --> Session: Class initialized using 'CodeIgniter\Session\Handlers\FileHandler' driver.
DEBUG - 2026-02-25 06:13:35 --> Session: Class initialized using 'CodeIgniter\Session\Handlers\FileHandler' driver.
DEBUG - 2026-02-25 06:13:35 --> Session: Class initialized using 'CodeIgniter\Session\Handlers\FileHandler' driver.
DEBUG - 2026-02-25 06:17:49 --> Session: Class initialized using 'CodeIgniter\Session\Handlers\FileHandler' driver.
DEBUG - 2026-02-25 06:17:49 --> Session: Class initialized using 'CodeIgniter\Session\Handlers\FileHandler' driver.
DEBUG - 2026-02-25 06:17:59 --> Session: Class initialized using 'CodeIgniter\Session\Handlers\FileHandler' driver.
DEBUG - 2026-02-25 06:17:59 --> Session: Class initialized using 'CodeIgniter\Session\Handlers\FileHandler' driver.
DEBUG - 2026-02-25 06:18:27 --> Session: Class initialized using 'CodeIgniter\Session\Handlers\FileHandler' driver.
DEBUG - 2026-02-25 06:18:29 --> Session: Class initialized using 'CodeIgniter\Session\Handlers\FileHandler' driver.
DEBUG - 2026-02-25 06:18:31 --> Session: Class initialized using 'CodeIgniter\Session\Handlers\FileHandler' driver.
DEBUG - 2026-02-25 06:18:33 --> Session: Class initialized using 'CodeIgniter\Session\Handlers\FileHandler' driver.
DEBUG - 2026-02-25 06:18:38 --> Session: Class initialized using 'CodeIgniter\Session\Handlers\FileHandler' driver.
DEBUG - 2026-02-25 06:18:41 --> Session: Class initialized using 'CodeIgniter\Session\Handlers\FileHandler' driver.
DEBUG - 2026-02-25 06:18:45 --> Session: Class initialized using 'CodeIgniter\Session\Handlers\FileHandler' driver.
DEBUG - 2026-02-25 06:18:46 --> Session: Class initialized using 'CodeIgniter\Session\Handlers\FileHandler' driver.
DEBUG - 2026-02-25 06:18:58 --> Session: Class initialized using 'CodeIgniter\Session\Handlers\FileHandler' driver.
DEBUG - 2026-02-25 06:18:59 --> Session: Class initialized using 'CodeIgniter\Session\Handlers\FileHandler' driver.
