DEBUG - 2026-02-02 00:18:42 --> Session: Class initialized using 'CodeIgniter\Session\Handlers\FileHandler' driver.
DEBUG - 2026-02-02 00:18:46 --> Session: Class initialized using 'CodeIgniter\Session\Handlers\FileHandler' driver.
DEBUG - 2026-02-02 00:18:50 --> Session: Class initialized using 'CodeIgniter\Session\Handlers\FileHandler' driver.
DEBUG - 2026-02-02 00:18:59 --> Session: Class initialized using 'CodeIgniter\Session\Handlers\FileHandler' driver.
DEBUG - 2026-02-02 00:19:01 --> Session: Class initialized using 'CodeIgniter\Session\Handlers\FileHandler' driver.
DEBUG - 2026-02-02 00:19:03 --> Session: Class initialized using 'CodeIgniter\Session\Handlers\FileHandler' driver.
DEBUG - 2026-02-02 00:19:05 --> Session: Class initialized using 'CodeIgniter\Session\Handlers\FileHandler' driver.
DEBUG - 2026-02-02 00:20:16 --> Session: Class initialized using 'CodeIgniter\Session\Handlers\FileHandler' driver.
DEBUG - 2026-02-02 00:20:26 --> Session: Class initialized using 'CodeIgniter\Session\Handlers\FileHandler' driver.
DEBUG - 2026-02-02 00:20:26 --> Session: Class initialized using 'CodeIgniter\Session\Handlers\FileHandler' driver.
DEBUG - 2026-02-02 00:20:32 --> Session: Class initialized using 'CodeIgniter\Session\Handlers\FileHandler' driver.
DEBUG - 2026-02-02 00:21:16 --> Session: Class initialized using 'CodeIgniter\Session\Handlers\FileHandler' driver.
DEBUG - 2026-02-02 00:21:16 --> Session: Class initialized using 'CodeIgniter\Session\Handlers\FileHandler' driver.
DEBUG - 2026-02-02 01:18:39 --> Session: Class initialized using 'CodeIgniter\Session\Handlers\FileHandler' driver.
DEBUG - 2026-02-02 01:19:04 --> Session: Class initialized using 'CodeIgniter\Session\Handlers\FileHandler' driver.
DEBUG - 2026-02-02 01:19:05 --> Session: Class initialized using 'CodeIgniter\Session\Handlers\FileHandler' driver.
DEBUG - 2026-02-02 01:19:37 --> Session: Class initialized using 'CodeIgniter\Session\Handlers\FileHandler' driver.
DEBUG - 2026-02-02 01:23:19 --> Session: Class initialized using 'CodeIgniter\Session\Handlers\FileHandler' driver.
DEBUG - 2026-02-02 01:23:22 --> Session: Class initialized using 'CodeIgniter\Session\Handlers\FileHandler' driver.
DEBUG - 2026-02-02 01:23:27 --> Session: Class initialized using 'CodeIgniter\Session\Handlers\FileHandler' driver.
DEBUG - 2026-02-02 01:23:31 --> Session: Class initialized using 'CodeIgniter\Session\Handlers\FileHandler' driver.
DEBUG - 2026-02-02 01:23:36 --> Session: Class initialized using 'CodeIgniter\Session\Handlers\FileHandler' driver.
DEBUG - 2026-02-02 01:23:45 --> Session: Class initialized using 'CodeIgniter\Session\Handlers\FileHandler' driver.
DEBUG - 2026-02-02 01:23:45 --> Session: Class initialized using 'CodeIgniter\Session\Handlers\FileHandler' driver.
DEBUG - 2026-02-02 01:24:23 --> Session: Class initialized using 'CodeIgniter\Session\Handlers\FileHandler' driver.
DEBUG - 2026-02-02 01:24:46 --> Session: Class initialized using 'CodeIgniter\Session\Handlers\FileHandler' driver.
DEBUG - 2026-02-02 01:24:46 --> Session: Class initialized using 'CodeIgniter\Session\Handlers\FileHandler' driver.
DEBUG - 2026-02-02 01:25:57 --> Session: Class initialized using 'CodeIgniter\Session\Handlers\FileHandler' driver.
DEBUG - 2026-02-02 01:33:23 --> Session: Class initialized using 'CodeIgniter\Session\Handlers\FileHandler' driver.
DEBUG - 2026-02-02 01:33:28 --> Session: Class initialized using 'CodeIgniter\Session\Handlers\FileHandler' driver.
DEBUG - 2026-02-02 01:38:02 --> Session: Class initialized using 'CodeIgniter\Session\Handlers\FileHandler' driver.
DEBUG - 2026-02-02 01:38:04 --> Session: Class initialized using 'CodeIgniter\Session\Handlers\FileHandler' driver.
DEBUG - 2026-02-02 01:38:05 --> Session: Class initialized using 'CodeIgniter\Session\Handlers\FileHandler' driver.
DEBUG - 2026-02-02 01:38:06 --> Session: Class initialized using 'CodeIgniter\Session\Handlers\FileHandler' driver.
DEBUG - 2026-02-02 01:38:14 --> Session: Class initialized using 'CodeIgniter\Session\Handlers\FileHandler' driver.
DEBUG - 2026-02-02 13:31:13 --> Session: Class initialized using 'CodeIgniter\Session\Handlers\FileHandler' driver.
DEBUG - 2026-02-02 13:52:28 --> Session: Class initialized using 'CodeIgniter\Session\Handlers\FileHandler' driver.
DEBUG - 2026-02-02 13:52:39 --> Session: Class initialized using 'CodeIgniter\Session\Handlers\FileHandler' driver.
DEBUG - 2026-02-02 13:52:39 --> Session: Class initialized using 'CodeIgniter\Session\Handlers\FileHandler' driver.
DEBUG - 2026-02-02 13:52:53 --> Session: Class initialized using 'CodeIgniter\Session\Handlers\FileHandler' driver.
DEBUG - 2026-02-02 13:53:00 --> Session: Class initialized using 'CodeIgniter\Session\Handlers\FileHandler' driver.
DEBUG - 2026-02-02 13:53:07 --> Session: Class initialized using 'CodeIgniter\Session\Handlers\FileHandler' driver.
DEBUG - 2026-02-02 13:53:17 --> Session: Class initialized using 'CodeIgniter\Session\Handlers\FileHandler' driver.
DEBUG - 2026-02-02 13:53:17 --> Session: Class initialized using 'CodeIgniter\Session\Handlers\FileHandler' driver.
DEBUG - 2026-02-02 13:53:24 --> Session: Class initialized using 'CodeIgniter\Session\Handlers\FileHandler' driver.
DEBUG - 2026-02-02 13:53:32 --> Session: Class initialized using 'CodeIgniter\Session\Handlers\FileHandler' driver.
DEBUG - 2026-02-02 13:53:32 --> Session: Class initialized using 'CodeIgniter\Session\Handlers\FileHandler' driver.
DEBUG - 2026-02-02 13:53:37 --> Session: Class initialized using 'CodeIgniter\Session\Handlers\FileHandler' driver.
DEBUG - 2026-02-02 13:53:45 --> Session: Class initialized using 'CodeIgniter\Session\Handlers\FileHandler' driver.
DEBUG - 2026-02-02 13:53:45 --> Session: Class initialized using 'CodeIgniter\Session\Handlers\FileHandler' driver.
DEBUG - 2026-02-02 13:54:05 --> Session: Class initialized using 'CodeIgniter\Session\Handlers\FileHandler' driver.
DEBUG - 2026-02-02 13:54:13 --> Session: Class initialized using 'CodeIgniter\Session\Handlers\FileHandler' driver.
DEBUG - 2026-02-02 13:54:13 --> Session: Class initialized using 'CodeIgniter\Session\Handlers\FileHandler' driver.
DEBUG - 2026-02-02 13:54:54 --> Session: Class initialized using 'CodeIgniter\Session\Handlers\FileHandler' driver.
DEBUG - 2026-02-02 13:55:02 --> Session: Class initialized using 'CodeIgniter\Session\Handlers\FileHandler' driver.
DEBUG - 2026-02-02 13:55:12 --> Session: Class initialized using 'CodeIgniter\Session\Handlers\FileHandler' driver.
DEBUG - 2026-02-02 14:15:19 --> Session: Class initialized using 'CodeIgniter\Session\Handlers\FileHandler' driver.
DEBUG - 2026-02-02 14:15:34 --> Session: Class initialized using 'CodeIgniter\Session\Handlers\FileHandler' driver.
DEBUG - 2026-02-02 14:15:39 --> Session: Class initialized using 'CodeIgniter\Session\Handlers\FileHandler' driver.
DEBUG - 2026-02-02 14:15:49 --> Session: Class initialized using 'CodeIgniter\Session\Handlers\FileHandler' driver.
DEBUG - 2026-02-02 14:17:22 --> Session: Class initialized using 'CodeIgniter\Session\Handlers\FileHandler' driver.
DEBUG - 2026-02-02 14:18:40 --> Session: Class initialized using 'CodeIgniter\Session\Handlers\FileHandler' driver.
DEBUG - 2026-02-02 14:20:26 --> Session: Class initialized using 'CodeIgniter\Session\Handlers\FileHandler' driver.
DEBUG - 2026-02-02 14:21:35 --> Session: Class initialized using 'CodeIgniter\Session\Handlers\FileHandler' driver.
CRITICAL - 2026-02-02 14:21:35 --> ErrorException: Undefined variable $l
[Method: GET, Route: siswa/dashboard]
in APPPATH\Views\siswa\dashboard.php on line 43.
 1 APPPATH\Views\siswa\dashboard.php(43): CodeIgniter\Debug\Exceptions->errorHandler(2, 'Undefined variable $l', 'C:\\xampp\\htdocs\\irma ukk-pkt3\\codeigniter4-framework-e4d3702\\UKK_3\\website\\app\\Views\\siswa\\dashboard.php', 43)
 2 SYSTEMPATH\View\View.php(226): include('C:\\xampp\\htdocs\\irma ukk-pkt3\\codeigniter4-framework-e4d3702\\UKK_3\\website\\app\\Views\\siswa\\dashboard.php')
 3 SYSTEMPATH\View\View.php(229): CodeIgniter\View\View->{closure:CodeIgniter\View\View::render():223}()
 4 SYSTEMPATH\Common.php(1199): CodeIgniter\View\View->render('siswa/dashboard', [], true)
 5 APPPATH\Controllers\Siswa.php(20): view('siswa/dashboard', [...])
 6 SYSTEMPATH\CodeIgniter.php(933): App\Controllers\Siswa->index()
 7 SYSTEMPATH\CodeIgniter.php(507): CodeIgniter\CodeIgniter->runController(Object(App\Controllers\Siswa))
 8 SYSTEMPATH\CodeIgniter.php(354): CodeIgniter\CodeIgniter->handleRequest(null, Object(Config\Cache), false)
 9 SYSTEMPATH\Boot.php(363): CodeIgniter\CodeIgniter->run()
10 SYSTEMPATH\Boot.php(68): CodeIgniter\Boot::runCodeIgniter(Object(CodeIgniter\CodeIgniter))
11 FCPATH\index.php(59): CodeIgniter\Boot::bootWeb(Object(Config\Paths))
12 SYSTEMPATH\rewrite.php(44): require_once('C:\\xampp\\htdocs\\irma ukk-pkt3\\codeigniter4-framework-e4d3702\\UKK_3\\website\\public\\index.php')
DEBUG - 2026-02-02 14:22:28 --> Session: Class initialized using 'CodeIgniter\Session\Handlers\FileHandler' driver.
DEBUG - 2026-02-02 14:23:15 --> Session: Class initialized using 'CodeIgniter\Session\Handlers\FileHandler' driver.
DEBUG - 2026-02-02 14:23:17 --> Session: Class initialized using 'CodeIgniter\Session\Handlers\FileHandler' driver.
DEBUG - 2026-02-02 14:24:28 --> Session: Class initialized using 'CodeIgniter\Session\Handlers\FileHandler' driver.
DEBUG - 2026-02-02 14:25:15 --> Session: Class initialized using 'CodeIgniter\Session\Handlers\FileHandler' driver.
DEBUG - 2026-02-02 14:25:15 --> Session: Class initialized using 'CodeIgniter\Session\Handlers\FileHandler' driver.
DEBUG - 2026-02-02 14:25:36 --> Session: Class initialized using 'CodeIgniter\Session\Handlers\FileHandler' driver.
DEBUG - 2026-02-02 14:41:12 --> Session: Class initialized using 'CodeIgniter\Session\Handlers\FileHandler' driver.
DEBUG - 2026-02-02 14:41:21 --> Session: Class initialized using 'CodeIgniter\Session\Handlers\FileHandler' driver.
DEBUG - 2026-02-02 14:41:21 --> Session: Class initialized using 'CodeIgniter\Session\Handlers\FileHandler' driver.
DEBUG - 2026-02-02 14:41:28 --> Session: Class initialized using 'CodeIgniter\Session\Handlers\FileHandler' driver.
DEBUG - 2026-02-02 14:41:32 --> Session: Class initialized using 'CodeIgniter\Session\Handlers\FileHandler' driver.
DEBUG - 2026-02-02 14:41:32 --> Session: Class initialized using 'CodeIgniter\Session\Handlers\FileHandler' driver.
DEBUG - 2026-02-02 15:16:59 --> Session: Class initialized using 'CodeIgniter\Session\Handlers\FileHandler' driver.
CRITICAL - 2026-02-02 15:17:00 --> ErrorException: Undefined variable $kategori
[Method: GET, Route: siswa/dashboard]
in APPPATH\Views\siswa\dashboard.php on line 60.
 1 APPPATH\Views\siswa\dashboard.php(60): CodeIgniter\Debug\Exceptions->errorHandler(2, 'Undefined variable $kategori', 'C:\\xampp\\htdocs\\irma ukk-pkt3\\codeigniter4-framework-e4d3702\\UKK_3\\website\\app\\Views\\siswa\\dashboard.php', 60)
 2 SYSTEMPATH\View\View.php(226): include('C:\\xampp\\htdocs\\irma ukk-pkt3\\codeigniter4-framework-e4d3702\\UKK_3\\website\\app\\Views\\siswa\\dashboard.php')
 3 SYSTEMPATH\View\View.php(229): CodeIgniter\View\View->{closure:CodeIgniter\View\View::render():223}()
 4 SYSTEMPATH\Common.php(1199): CodeIgniter\View\View->render('siswa/dashboard', [], true)
 5 APPPATH\Controllers\Siswa.php(20): view('siswa/dashboard', [...])
 6 SYSTEMPATH\CodeIgniter.php(933): App\Controllers\Siswa->index()
 7 SYSTEMPATH\CodeIgniter.php(507): CodeIgniter\CodeIgniter->runController(Object(App\Controllers\Siswa))
 8 SYSTEMPATH\CodeIgniter.php(354): CodeIgniter\CodeIgniter->handleRequest(null, Object(Config\Cache), false)
 9 SYSTEMPATH\Boot.php(363): CodeIgniter\CodeIgniter->run()
10 SYSTEMPATH\Boot.php(68): CodeIgniter\Boot::runCodeIgniter(Object(CodeIgniter\CodeIgniter))
11 FCPATH\index.php(59): CodeIgniter\Boot::bootWeb(Object(Config\Paths))
12 SYSTEMPATH\rewrite.php(44): require_once('C:\\xampp\\htdocs\\irma ukk-pkt3\\codeigniter4-framework-e4d3702\\UKK_3\\website\\public\\index.php')
DEBUG - 2026-02-02 15:20:22 --> Session: Class initialized using 'CodeIgniter\Session\Handlers\FileHandler' driver.
CRITICAL - 2026-02-02 15:20:22 --> ErrorException: Undefined variable $kategori
[Method: GET, Route: siswa/dashboard]
in APPPATH\Views\siswa\dashboard.php on line 61.
 1 APPPATH\Views\siswa\dashboard.php(61): CodeIgniter\Debug\Exceptions->errorHandler(2, 'Undefined variable $kategori', 'C:\\xampp\\htdocs\\irma ukk-pkt3\\codeigniter4-framework-e4d3702\\UKK_3\\website\\app\\Views\\siswa\\dashboard.php', 61)
 2 SYSTEMPATH\View\View.php(226): include('C:\\xampp\\htdocs\\irma ukk-pkt3\\codeigniter4-framework-e4d3702\\UKK_3\\website\\app\\Views\\siswa\\dashboard.php')
 3 SYSTEMPATH\View\View.php(229): CodeIgniter\View\View->{closure:CodeIgniter\View\View::render():223}()
 4 SYSTEMPATH\Common.php(1199): CodeIgniter\View\View->render('siswa/dashboard', [], true)
 5 APPPATH\Controllers\Siswa.php(20): view('siswa/dashboard', [...])
 6 SYSTEMPATH\CodeIgniter.php(933): App\Controllers\Siswa->index()
 7 SYSTEMPATH\CodeIgniter.php(507): CodeIgniter\CodeIgniter->runController(Object(App\Controllers\Siswa))
 8 SYSTEMPATH\CodeIgniter.php(354): CodeIgniter\CodeIgniter->handleRequest(null, Object(Config\Cache), false)
 9 SYSTEMPATH\Boot.php(363): CodeIgniter\CodeIgniter->run()
10 SYSTEMPATH\Boot.php(68): CodeIgniter\Boot::runCodeIgniter(Object(CodeIgniter\CodeIgniter))
11 FCPATH\index.php(59): CodeIgniter\Boot::bootWeb(Object(Config\Paths))
12 SYSTEMPATH\rewrite.php(44): require_once('C:\\xampp\\htdocs\\irma ukk-pkt3\\codeigniter4-framework-e4d3702\\UKK_3\\website\\public\\index.php')
DEBUG - 2026-02-02 15:20:24 --> Session: Class initialized using 'CodeIgniter\Session\Handlers\FileHandler' driver.
CRITICAL - 2026-02-02 15:20:24 --> ErrorException: Undefined variable $kategori
[Method: GET, Route: siswa/dashboard]
in APPPATH\Views\siswa\dashboard.php on line 61.
 1 APPPATH\Views\siswa\dashboard.php(61): CodeIgniter\Debug\Exceptions->errorHandler(2, 'Undefined variable $kategori', 'C:\\xampp\\htdocs\\irma ukk-pkt3\\codeigniter4-framework-e4d3702\\UKK_3\\website\\app\\Views\\siswa\\dashboard.php', 61)
 2 SYSTEMPATH\View\View.php(226): include('C:\\xampp\\htdocs\\irma ukk-pkt3\\codeigniter4-framework-e4d3702\\UKK_3\\website\\app\\Views\\siswa\\dashboard.php')
 3 SYSTEMPATH\View\View.php(229): CodeIgniter\View\View->{closure:CodeIgniter\View\View::render():223}()
 4 SYSTEMPATH\Common.php(1199): CodeIgniter\View\View->render('siswa/dashboard', [], true)
 5 APPPATH\Controllers\Siswa.php(20): view('siswa/dashboard', [...])
 6 SYSTEMPATH\CodeIgniter.php(933): App\Controllers\Siswa->index()
 7 SYSTEMPATH\CodeIgniter.php(507): CodeIgniter\CodeIgniter->runController(Object(App\Controllers\Siswa))
 8 SYSTEMPATH\CodeIgniter.php(354): CodeIgniter\CodeIgniter->handleRequest(null, Object(Config\Cache), false)
 9 SYSTEMPATH\Boot.php(363): CodeIgniter\CodeIgniter->run()
10 SYSTEMPATH\Boot.php(68): CodeIgniter\Boot::runCodeIgniter(Object(CodeIgniter\CodeIgniter))
11 FCPATH\index.php(59): CodeIgniter\Boot::bootWeb(Object(Config\Paths))
12 SYSTEMPATH\rewrite.php(44): require_once('C:\\xampp\\htdocs\\irma ukk-pkt3\\codeigniter4-framework-e4d3702\\UKK_3\\website\\public\\index.php')
DEBUG - 2026-02-02 15:22:25 --> Session: Class initialized using 'CodeIgniter\Session\Handlers\FileHandler' driver.
CRITICAL - 2026-02-02 15:22:25 --> ErrorException: Undefined variable $kategori
[Method: GET, Route: siswa/dashboard]
in APPPATH\Views\siswa\dashboard.php on line 61.
 1 APPPATH\Views\siswa\dashboard.php(61): CodeIgniter\Debug\Exceptions->errorHandler(2, 'Undefined variable $kategori', 'C:\\xampp\\htdocs\\irma ukk-pkt3\\codeigniter4-framework-e4d3702\\UKK_3\\website\\app\\Views\\siswa\\dashboard.php', 61)
 2 SYSTEMPATH\View\View.php(226): include('C:\\xampp\\htdocs\\irma ukk-pkt3\\codeigniter4-framework-e4d3702\\UKK_3\\website\\app\\Views\\siswa\\dashboard.php')
 3 SYSTEMPATH\View\View.php(229): CodeIgniter\View\View->{closure:CodeIgniter\View\View::render():223}()
 4 SYSTEMPATH\Common.php(1199): CodeIgniter\View\View->render('siswa/dashboard', [], true)
 5 APPPATH\Controllers\Siswa.php(20): view('siswa/dashboard', [...])
 6 SYSTEMPATH\CodeIgniter.php(933): App\Controllers\Siswa->index()
 7 SYSTEMPATH\CodeIgniter.php(507): CodeIgniter\CodeIgniter->runController(Object(App\Controllers\Siswa))
 8 SYSTEMPATH\CodeIgniter.php(354): CodeIgniter\CodeIgniter->handleRequest(null, Object(Config\Cache), false)
 9 SYSTEMPATH\Boot.php(363): CodeIgniter\CodeIgniter->run()
10 SYSTEMPATH\Boot.php(68): CodeIgniter\Boot::runCodeIgniter(Object(CodeIgniter\CodeIgniter))
11 FCPATH\index.php(59): CodeIgniter\Boot::bootWeb(Object(Config\Paths))
12 SYSTEMPATH\rewrite.php(44): require_once('C:\\xampp\\htdocs\\irma ukk-pkt3\\codeigniter4-framework-e4d3702\\UKK_3\\website\\public\\index.php')
DEBUG - 2026-02-02 15:27:43 --> Session: Class initialized using 'CodeIgniter\Session\Handlers\FileHandler' driver.
CRITICAL - 2026-02-02 15:27:43 --> ErrorException: Undefined variable $kategori
[Method: GET, Route: siswa/dashboard]
in APPPATH\Views\siswa\dashboard.php on line 61.
 1 APPPATH\Views\siswa\dashboard.php(61): CodeIgniter\Debug\Exceptions->errorHandler(2, 'Undefined variable $kategori', 'C:\\xampp\\htdocs\\irma ukk-pkt3\\codeigniter4-framework-e4d3702\\UKK_3\\website\\app\\Views\\siswa\\dashboard.php', 61)
 2 SYSTEMPATH\View\View.php(226): include('C:\\xampp\\htdocs\\irma ukk-pkt3\\codeigniter4-framework-e4d3702\\UKK_3\\website\\app\\Views\\siswa\\dashboard.php')
 3 SYSTEMPATH\View\View.php(229): CodeIgniter\View\View->{closure:CodeIgniter\View\View::render():223}()
 4 SYSTEMPATH\Common.php(1199): CodeIgniter\View\View->render('siswa/dashboard', [], true)
 5 APPPATH\Controllers\Siswa.php(20): view('siswa/dashboard', [...])
 6 SYSTEMPATH\CodeIgniter.php(933): App\Controllers\Siswa->index()
 7 SYSTEMPATH\CodeIgniter.php(507): CodeIgniter\CodeIgniter->runController(Object(App\Controllers\Siswa))
 8 SYSTEMPATH\CodeIgniter.php(354): CodeIgniter\CodeIgniter->handleRequest(null, Object(Config\Cache), false)
 9 SYSTEMPATH\Boot.php(363): CodeIgniter\CodeIgniter->run()
10 SYSTEMPATH\Boot.php(68): CodeIgniter\Boot::runCodeIgniter(Object(CodeIgniter\CodeIgniter))
11 FCPATH\index.php(59): CodeIgniter\Boot::bootWeb(Object(Config\Paths))
12 SYSTEMPATH\rewrite.php(44): require_once('C:\\xampp\\htdocs\\irma ukk-pkt3\\codeigniter4-framework-e4d3702\\UKK_3\\website\\public\\index.php')
DEBUG - 2026-02-02 15:33:39 --> Session: Class initialized using 'CodeIgniter\Session\Handlers\FileHandler' driver.
CRITICAL - 2026-02-02 15:33:39 --> ErrorException: Undefined variable $kategori
[Method: GET, Route: siswa/dashboard]
in APPPATH\Views\siswa\dashboard.php on line 61.
 1 APPPATH\Views\siswa\dashboard.php(61): CodeIgniter\Debug\Exceptions->errorHandler(2, 'Undefined variable $kategori', 'C:\\xampp\\htdocs\\irma ukk-pkt3\\codeigniter4-framework-e4d3702\\UKK_3\\website\\app\\Views\\siswa\\dashboard.php', 61)
 2 SYSTEMPATH\View\View.php(226): include('C:\\xampp\\htdocs\\irma ukk-pkt3\\codeigniter4-framework-e4d3702\\UKK_3\\website\\app\\Views\\siswa\\dashboard.php')
 3 SYSTEMPATH\View\View.php(229): CodeIgniter\View\View->{closure:CodeIgniter\View\View::render():223}()
 4 SYSTEMPATH\Common.php(1199): CodeIgniter\View\View->render('siswa/dashboard', [], true)
 5 APPPATH\Controllers\Siswa.php(20): view('siswa/dashboard', [...])
 6 SYSTEMPATH\CodeIgniter.php(933): App\Controllers\Siswa->index()
 7 SYSTEMPATH\CodeIgniter.php(507): CodeIgniter\CodeIgniter->runController(Object(App\Controllers\Siswa))
 8 SYSTEMPATH\CodeIgniter.php(354): CodeIgniter\CodeIgniter->handleRequest(null, Object(Config\Cache), false)
 9 SYSTEMPATH\Boot.php(363): CodeIgniter\CodeIgniter->run()
10 SYSTEMPATH\Boot.php(68): CodeIgniter\Boot::runCodeIgniter(Object(CodeIgniter\CodeIgniter))
11 FCPATH\index.php(59): CodeIgniter\Boot::bootWeb(Object(Config\Paths))
12 SYSTEMPATH\rewrite.php(44): require_once('C:\\xampp\\htdocs\\irma ukk-pkt3\\codeigniter4-framework-e4d3702\\UKK_3\\website\\public\\index.php')
DEBUG - 2026-02-02 15:36:01 --> Session: Class initialized using 'CodeIgniter\Session\Handlers\FileHandler' driver.
CRITICAL - 2026-02-02 15:36:01 --> ErrorException: Undefined variable $kategori
[Method: GET, Route: siswa/dashboard]
in APPPATH\Views\siswa\dashboard.php on line 61.
 1 APPPATH\Views\siswa\dashboard.php(61): CodeIgniter\Debug\Exceptions->errorHandler(2, 'Undefined variable $kategori', 'C:\\xampp\\htdocs\\irma ukk-pkt3\\codeigniter4-framework-e4d3702\\UKK_3\\website\\app\\Views\\siswa\\dashboard.php', 61)
 2 SYSTEMPATH\View\View.php(226): include('C:\\xampp\\htdocs\\irma ukk-pkt3\\codeigniter4-framework-e4d3702\\UKK_3\\website\\app\\Views\\siswa\\dashboard.php')
 3 SYSTEMPATH\View\View.php(229): CodeIgniter\View\View->{closure:CodeIgniter\View\View::render():223}()
 4 SYSTEMPATH\Common.php(1199): CodeIgniter\View\View->render('siswa/dashboard', [], true)
 5 APPPATH\Controllers\Siswa.php(20): view('siswa/dashboard', [...])
 6 SYSTEMPATH\CodeIgniter.php(933): App\Controllers\Siswa->index()
 7 SYSTEMPATH\CodeIgniter.php(507): CodeIgniter\CodeIgniter->runController(Object(App\Controllers\Siswa))
 8 SYSTEMPATH\CodeIgniter.php(354): CodeIgniter\CodeIgniter->handleRequest(null, Object(Config\Cache), false)
 9 SYSTEMPATH\Boot.php(363): CodeIgniter\CodeIgniter->run()
10 SYSTEMPATH\Boot.php(68): CodeIgniter\Boot::runCodeIgniter(Object(CodeIgniter\CodeIgniter))
11 FCPATH\index.php(59): CodeIgniter\Boot::bootWeb(Object(Config\Paths))
12 SYSTEMPATH\rewrite.php(44): require_once('C:\\xampp\\htdocs\\irma ukk-pkt3\\codeigniter4-framework-e4d3702\\UKK_3\\website\\public\\index.php')
DEBUG - 2026-02-02 15:37:39 --> Session: Class initialized using 'CodeIgniter\Session\Handlers\FileHandler' driver.
CRITICAL - 2026-02-02 15:37:39 --> ErrorException: Undefined variable $kategori
[Method: GET, Route: siswa/dashboard]
in APPPATH\Views\siswa\dashboard.php on line 61.
 1 APPPATH\Views\siswa\dashboard.php(61): CodeIgniter\Debug\Exceptions->errorHandler(2, 'Undefined variable $kategori', 'C:\\xampp\\htdocs\\irma ukk-pkt3\\codeigniter4-framework-e4d3702\\UKK_3\\website\\app\\Views\\siswa\\dashboard.php', 61)
 2 SYSTEMPATH\View\View.php(226): include('C:\\xampp\\htdocs\\irma ukk-pkt3\\codeigniter4-framework-e4d3702\\UKK_3\\website\\app\\Views\\siswa\\dashboard.php')
 3 SYSTEMPATH\View\View.php(229): CodeIgniter\View\View->{closure:CodeIgniter\View\View::render():223}()
 4 SYSTEMPATH\Common.php(1199): CodeIgniter\View\View->render('siswa/dashboard', [], true)
 5 APPPATH\Controllers\Siswa.php(20): view('siswa/dashboard', [...])
 6 SYSTEMPATH\CodeIgniter.php(933): App\Controllers\Siswa->index()
 7 SYSTEMPATH\CodeIgniter.php(507): CodeIgniter\CodeIgniter->runController(Object(App\Controllers\Siswa))
 8 SYSTEMPATH\CodeIgniter.php(354): CodeIgniter\CodeIgniter->handleRequest(null, Object(Config\Cache), false)
 9 SYSTEMPATH\Boot.php(363): CodeIgniter\CodeIgniter->run()
10 SYSTEMPATH\Boot.php(68): CodeIgniter\Boot::runCodeIgniter(Object(CodeIgniter\CodeIgniter))
11 FCPATH\index.php(59): CodeIgniter\Boot::bootWeb(Object(Config\Paths))
12 SYSTEMPATH\rewrite.php(44): require_once('C:\\xampp\\htdocs\\irma ukk-pkt3\\codeigniter4-framework-e4d3702\\UKK_3\\website\\public\\index.php')
DEBUG - 2026-02-02 15:38:07 --> Session: Class initialized using 'CodeIgniter\Session\Handlers\FileHandler' driver.
CRITICAL - 2026-02-02 15:38:07 --> ErrorException: Undefined variable $kategori
[Method: GET, Route: siswa/dashboard]
in APPPATH\Views\siswa\dashboard.php on line 61.
 1 APPPATH\Views\siswa\dashboard.php(61): CodeIgniter\Debug\Exceptions->errorHandler(2, 'Undefined variable $kategori', 'C:\\xampp\\htdocs\\irma ukk-pkt3\\codeigniter4-framework-e4d3702\\UKK_3\\website\\app\\Views\\siswa\\dashboard.php', 61)
 2 SYSTEMPATH\View\View.php(226): include('C:\\xampp\\htdocs\\irma ukk-pkt3\\codeigniter4-framework-e4d3702\\UKK_3\\website\\app\\Views\\siswa\\dashboard.php')
 3 SYSTEMPATH\View\View.php(229): CodeIgniter\View\View->{closure:CodeIgniter\View\View::render():223}()
 4 SYSTEMPATH\Common.php(1199): CodeIgniter\View\View->render('siswa/dashboard', [], true)
 5 APPPATH\Controllers\Siswa.php(20): view('siswa/dashboard', [...])
 6 SYSTEMPATH\CodeIgniter.php(933): App\Controllers\Siswa->index()
 7 SYSTEMPATH\CodeIgniter.php(507): CodeIgniter\CodeIgniter->runController(Object(App\Controllers\Siswa))
 8 SYSTEMPATH\CodeIgniter.php(354): CodeIgniter\CodeIgniter->handleRequest(null, Object(Config\Cache), false)
 9 SYSTEMPATH\Boot.php(363): CodeIgniter\CodeIgniter->run()
10 SYSTEMPATH\Boot.php(68): CodeIgniter\Boot::runCodeIgniter(Object(CodeIgniter\CodeIgniter))
11 FCPATH\index.php(59): CodeIgniter\Boot::bootWeb(Object(Config\Paths))
12 SYSTEMPATH\rewrite.php(44): require_once('C:\\xampp\\htdocs\\irma ukk-pkt3\\codeigniter4-framework-e4d3702\\UKK_3\\website\\public\\index.php')
DEBUG - 2026-02-02 15:38:09 --> Session: Class initialized using 'CodeIgniter\Session\Handlers\FileHandler' driver.
CRITICAL - 2026-02-02 15:38:09 --> ErrorException: Undefined variable $kategori
[Method: GET, Route: siswa/dashboard]
in APPPATH\Views\siswa\dashboard.php on line 61.
 1 APPPATH\Views\siswa\dashboard.php(61): CodeIgniter\Debug\Exceptions->errorHandler(2, 'Undefined variable $kategori', 'C:\\xampp\\htdocs\\irma ukk-pkt3\\codeigniter4-framework-e4d3702\\UKK_3\\website\\app\\Views\\siswa\\dashboard.php', 61)
 2 SYSTEMPATH\View\View.php(226): include('C:\\xampp\\htdocs\\irma ukk-pkt3\\codeigniter4-framework-e4d3702\\UKK_3\\website\\app\\Views\\siswa\\dashboard.php')
 3 SYSTEMPATH\View\View.php(229): CodeIgniter\View\View->{closure:CodeIgniter\View\View::render():223}()
 4 SYSTEMPATH\Common.php(1199): CodeIgniter\View\View->render('siswa/dashboard', [], true)
 5 APPPATH\Controllers\Siswa.php(20): view('siswa/dashboard', [...])
 6 SYSTEMPATH\CodeIgniter.php(933): App\Controllers\Siswa->index()
 7 SYSTEMPATH\CodeIgniter.php(507): CodeIgniter\CodeIgniter->runController(Object(App\Controllers\Siswa))
 8 SYSTEMPATH\CodeIgniter.php(354): CodeIgniter\CodeIgniter->handleRequest(null, Object(Config\Cache), false)
 9 SYSTEMPATH\Boot.php(363): CodeIgniter\CodeIgniter->run()
10 SYSTEMPATH\Boot.php(68): CodeIgniter\Boot::runCodeIgniter(Object(CodeIgniter\CodeIgniter))
11 FCPATH\index.php(59): CodeIgniter\Boot::bootWeb(Object(Config\Paths))
12 SYSTEMPATH\rewrite.php(44): require_once('C:\\xampp\\htdocs\\irma ukk-pkt3\\codeigniter4-framework-e4d3702\\UKK_3\\website\\public\\index.php')
DEBUG - 2026-02-02 15:41:30 --> Session: Class initialized using 'CodeIgniter\Session\Handlers\FileHandler' driver.
CRITICAL - 2026-02-02 15:41:31 --> ErrorException: Undefined array key "tgl_aspirasi"
[Method: GET, Route: siswa/dashboard]
in APPPATH\Views\siswa\dashboard.php on line 108.
 1 APPPATH\Views\siswa\dashboard.php(108): CodeIgniter\Debug\Exceptions->errorHandler(2, 'Undefined array key "tgl_aspirasi"', 'C:\\xampp\\htdocs\\irma ukk-pkt3\\codeigniter4-framework-e4d3702\\UKK_3\\website\\app\\Views\\siswa\\dashboard.php', 108)
 2 SYSTEMPATH\View\View.php(226): include('C:\\xampp\\htdocs\\irma ukk-pkt3\\codeigniter4-framework-e4d3702\\UKK_3\\website\\app\\Views\\siswa\\dashboard.php')
 3 SYSTEMPATH\View\View.php(229): CodeIgniter\View\View->{closure:CodeIgniter\View\View::render():223}()
 4 SYSTEMPATH\Common.php(1199): CodeIgniter\View\View->render('siswa/dashboard', [], true)
 5 APPPATH\Controllers\Siswa.php(20): view('siswa/dashboard', [...])
 6 SYSTEMPATH\CodeIgniter.php(933): App\Controllers\Siswa->index()
 7 SYSTEMPATH\CodeIgniter.php(507): CodeIgniter\CodeIgniter->runController(Object(App\Controllers\Siswa))
 8 SYSTEMPATH\CodeIgniter.php(354): CodeIgniter\CodeIgniter->handleRequest(null, Object(Config\Cache), false)
 9 SYSTEMPATH\Boot.php(363): CodeIgniter\CodeIgniter->run()
10 SYSTEMPATH\Boot.php(68): CodeIgniter\Boot::runCodeIgniter(Object(CodeIgniter\CodeIgniter))
11 FCPATH\index.php(59): CodeIgniter\Boot::bootWeb(Object(Config\Paths))
12 SYSTEMPATH\rewrite.php(44): require_once('C:\\xampp\\htdocs\\irma ukk-pkt3\\codeigniter4-framework-e4d3702\\UKK_3\\website\\public\\index.php')
DEBUG - 2026-02-02 15:43:07 --> Session: Class initialized using 'CodeIgniter\Session\Handlers\FileHandler' driver.
CRITICAL - 2026-02-02 15:43:07 --> ErrorException: Undefined variable $kategori
[Method: GET, Route: siswa/dashboard]
in APPPATH\Views\siswa\dashboard.php on line 61.
 1 APPPATH\Views\siswa\dashboard.php(61): CodeIgniter\Debug\Exceptions->errorHandler(2, 'Undefined variable $kategori', 'C:\\xampp\\htdocs\\irma ukk-pkt3\\codeigniter4-framework-e4d3702\\UKK_3\\website\\app\\Views\\siswa\\dashboard.php', 61)
 2 SYSTEMPATH\View\View.php(226): include('C:\\xampp\\htdocs\\irma ukk-pkt3\\codeigniter4-framework-e4d3702\\UKK_3\\website\\app\\Views\\siswa\\dashboard.php')
 3 SYSTEMPATH\View\View.php(229): CodeIgniter\View\View->{closure:CodeIgniter\View\View::render():223}()
 4 SYSTEMPATH\Common.php(1199): CodeIgniter\View\View->render('siswa/dashboard', [], true)
 5 APPPATH\Controllers\Siswa.php(20): view('siswa/dashboard', [...])
 6 SYSTEMPATH\CodeIgniter.php(933): App\Controllers\Siswa->index()
 7 SYSTEMPATH\CodeIgniter.php(507): CodeIgniter\CodeIgniter->runController(Object(App\Controllers\Siswa))
 8 SYSTEMPATH\CodeIgniter.php(354): CodeIgniter\CodeIgniter->handleRequest(null, Object(Config\Cache), false)
 9 SYSTEMPATH\Boot.php(363): CodeIgniter\CodeIgniter->run()
10 SYSTEMPATH\Boot.php(68): CodeIgniter\Boot::runCodeIgniter(Object(CodeIgniter\CodeIgniter))
11 FCPATH\index.php(59): CodeIgniter\Boot::bootWeb(Object(Config\Paths))
12 SYSTEMPATH\rewrite.php(44): require_once('C:\\xampp\\htdocs\\irma ukk-pkt3\\codeigniter4-framework-e4d3702\\UKK_3\\website\\public\\index.php')
DEBUG - 2026-02-02 15:52:08 --> Session: Class initialized using 'CodeIgniter\Session\Handlers\FileHandler' driver.
CRITICAL - 2026-02-02 15:52:08 --> ErrorException: Undefined variable $katModel
[Method: GET, Route: siswa/dashboard]
in APPPATH\Controllers\Siswa.php on line 19.
 1 APPPATH\Controllers\Siswa.php(19): CodeIgniter\Debug\Exceptions->errorHandler(2, 'Undefined variable $katModel', 'C:\\xampp\\htdocs\\irma ukk-pkt3\\codeigniter4-framework-e4d3702\\UKK_3\\website\\app\\Controllers\\Siswa.php', 19)
 2 SYSTEMPATH\CodeIgniter.php(933): App\Controllers\Siswa->index()
 3 SYSTEMPATH\CodeIgniter.php(507): CodeIgniter\CodeIgniter->runController(Object(App\Controllers\Siswa))
 4 SYSTEMPATH\CodeIgniter.php(354): CodeIgniter\CodeIgniter->handleRequest(null, Object(Config\Cache), false)
 5 SYSTEMPATH\Boot.php(363): CodeIgniter\CodeIgniter->run()
 6 SYSTEMPATH\Boot.php(68): CodeIgniter\Boot::runCodeIgniter(Object(CodeIgniter\CodeIgniter))
 7 FCPATH\index.php(59): CodeIgniter\Boot::bootWeb(Object(Config\Paths))
 8 SYSTEMPATH\rewrite.php(44): require_once('C:\\xampp\\htdocs\\irma ukk-pkt3\\codeigniter4-framework-e4d3702\\UKK_3\\website\\public\\index.php')
DEBUG - 2026-02-02 15:54:36 --> Session: Class initialized using 'CodeIgniter\Session\Handlers\FileHandler' driver.
CRITICAL - 2026-02-02 15:54:36 --> ErrorException: Undefined array key "tgl_aspirasi"
[Method: GET, Route: siswa/dashboard]
in APPPATH\Views\siswa\dashboard.php on line 104.
 1 APPPATH\Views\siswa\dashboard.php(104): CodeIgniter\Debug\Exceptions->errorHandler(2, 'Undefined array key "tgl_aspirasi"', 'C:\\xampp\\htdocs\\irma ukk-pkt3\\codeigniter4-framework-e4d3702\\UKK_3\\website\\app\\Views\\siswa\\dashboard.php', 104)
 2 SYSTEMPATH\View\View.php(226): include('C:\\xampp\\htdocs\\irma ukk-pkt3\\codeigniter4-framework-e4d3702\\UKK_3\\website\\app\\Views\\siswa\\dashboard.php')
 3 SYSTEMPATH\View\View.php(229): CodeIgniter\View\View->{closure:CodeIgniter\View\View::render():223}()
 4 SYSTEMPATH\Common.php(1199): CodeIgniter\View\View->render('siswa/dashboard', [], true)
 5 APPPATH\Controllers\Siswa.php(23): view('siswa/dashboard', [...])
 6 SYSTEMPATH\CodeIgniter.php(933): App\Controllers\Siswa->index()
 7 SYSTEMPATH\CodeIgniter.php(507): CodeIgniter\CodeIgniter->runController(Object(App\Controllers\Siswa))
 8 SYSTEMPATH\CodeIgniter.php(354): CodeIgniter\CodeIgniter->handleRequest(null, Object(Config\Cache), false)
 9 SYSTEMPATH\Boot.php(363): CodeIgniter\CodeIgniter->run()
10 SYSTEMPATH\Boot.php(68): CodeIgniter\Boot::runCodeIgniter(Object(CodeIgniter\CodeIgniter))
11 FCPATH\index.php(59): CodeIgniter\Boot::bootWeb(Object(Config\Paths))
12 SYSTEMPATH\rewrite.php(44): require_once('C:\\xampp\\htdocs\\irma ukk-pkt3\\codeigniter4-framework-e4d3702\\UKK_3\\website\\public\\index.php')
DEBUG - 2026-02-02 15:56:28 --> Session: Class initialized using 'CodeIgniter\Session\Handlers\FileHandler' driver.
CRITICAL - 2026-02-02 15:56:28 --> ErrorException: Undefined array key "created_ati"
[Method: GET, Route: siswa/dashboard]
in APPPATH\Views\siswa\dashboard.php on line 104.
 1 APPPATH\Views\siswa\dashboard.php(104): CodeIgniter\Debug\Exceptions->errorHandler(2, 'Undefined array key "created_ati"', 'C:\\xampp\\htdocs\\irma ukk-pkt3\\codeigniter4-framework-e4d3702\\UKK_3\\website\\app\\Views\\siswa\\dashboard.php', 104)
 2 SYSTEMPATH\View\View.php(226): include('C:\\xampp\\htdocs\\irma ukk-pkt3\\codeigniter4-framework-e4d3702\\UKK_3\\website\\app\\Views\\siswa\\dashboard.php')
 3 SYSTEMPATH\View\View.php(229): CodeIgniter\View\View->{closure:CodeIgniter\View\View::render():223}()
 4 SYSTEMPATH\Common.php(1199): CodeIgniter\View\View->render('siswa/dashboard', [], true)
 5 APPPATH\Controllers\Siswa.php(23): view('siswa/dashboard', [...])
 6 SYSTEMPATH\CodeIgniter.php(933): App\Controllers\Siswa->index()
 7 SYSTEMPATH\CodeIgniter.php(507): CodeIgniter\CodeIgniter->runController(Object(App\Controllers\Siswa))
 8 SYSTEMPATH\CodeIgniter.php(354): CodeIgniter\CodeIgniter->handleRequest(null, Object(Config\Cache), false)
 9 SYSTEMPATH\Boot.php(363): CodeIgniter\CodeIgniter->run()
10 SYSTEMPATH\Boot.php(68): CodeIgniter\Boot::runCodeIgniter(Object(CodeIgniter\CodeIgniter))
11 FCPATH\index.php(59): CodeIgniter\Boot::bootWeb(Object(Config\Paths))
12 SYSTEMPATH\rewrite.php(44): require_once('C:\\xampp\\htdocs\\irma ukk-pkt3\\codeigniter4-framework-e4d3702\\UKK_3\\website\\public\\index.php')
DEBUG - 2026-02-02 15:57:00 --> Session: Class initialized using 'CodeIgniter\Session\Handlers\FileHandler' driver.
CRITICAL - 2026-02-02 15:57:00 --> ErrorException: Undefined array key "kategori"
[Method: GET, Route: siswa/dashboard]
in APPPATH\Views\siswa\dashboard.php on line 105.
 1 APPPATH\Views\siswa\dashboard.php(105): CodeIgniter\Debug\Exceptions->errorHandler(2, 'Undefined array key "kategori"', 'C:\\xampp\\htdocs\\irma ukk-pkt3\\codeigniter4-framework-e4d3702\\UKK_3\\website\\app\\Views\\siswa\\dashboard.php', 105)
 2 SYSTEMPATH\View\View.php(226): include('C:\\xampp\\htdocs\\irma ukk-pkt3\\codeigniter4-framework-e4d3702\\UKK_3\\website\\app\\Views\\siswa\\dashboard.php')
 3 SYSTEMPATH\View\View.php(229): CodeIgniter\View\View->{closure:CodeIgniter\View\View::render():223}()
 4 SYSTEMPATH\Common.php(1199): CodeIgniter\View\View->render('siswa/dashboard', [], true)
 5 APPPATH\Controllers\Siswa.php(23): view('siswa/dashboard', [...])
 6 SYSTEMPATH\CodeIgniter.php(933): App\Controllers\Siswa->index()
 7 SYSTEMPATH\CodeIgniter.php(507): CodeIgniter\CodeIgniter->runController(Object(App\Controllers\Siswa))
 8 SYSTEMPATH\CodeIgniter.php(354): CodeIgniter\CodeIgniter->handleRequest(null, Object(Config\Cache), false)
 9 SYSTEMPATH\Boot.php(363): CodeIgniter\CodeIgniter->run()
10 SYSTEMPATH\Boot.php(68): CodeIgniter\Boot::runCodeIgniter(Object(CodeIgniter\CodeIgniter))
11 FCPATH\index.php(59): CodeIgniter\Boot::bootWeb(Object(Config\Paths))
12 SYSTEMPATH\rewrite.php(44): require_once('C:\\xampp\\htdocs\\irma ukk-pkt3\\codeigniter4-framework-e4d3702\\UKK_3\\website\\public\\index.php')
DEBUG - 2026-02-02 16:01:54 --> Session: Class initialized using 'CodeIgniter\Session\Handlers\FileHandler' driver.
CRITICAL - 2026-02-02 16:01:55 --> ErrorException: Undefined array key "id_aspirasi"
[Method: GET, Route: siswa/dashboard]
in APPPATH\Views\siswa\dashboard.php on line 116.
 1 APPPATH\Views\siswa\dashboard.php(116): CodeIgniter\Debug\Exceptions->errorHandler(2, 'Undefined array key "id_aspirasi"', 'C:\\xampp\\htdocs\\irma ukk-pkt3\\codeigniter4-framework-e4d3702\\UKK_3\\website\\app\\Views\\siswa\\dashboard.php', 116)
 2 SYSTEMPATH\View\View.php(226): include('C:\\xampp\\htdocs\\irma ukk-pkt3\\codeigniter4-framework-e4d3702\\UKK_3\\website\\app\\Views\\siswa\\dashboard.php')
 3 SYSTEMPATH\View\View.php(229): CodeIgniter\View\View->{closure:CodeIgniter\View\View::render():223}()
 4 SYSTEMPATH\Common.php(1199): CodeIgniter\View\View->render('siswa/dashboard', [], true)
 5 APPPATH\Controllers\Siswa.php(23): view('siswa/dashboard', [...])
 6 SYSTEMPATH\CodeIgniter.php(933): App\Controllers\Siswa->index()
 7 SYSTEMPATH\CodeIgniter.php(507): CodeIgniter\CodeIgniter->runController(Object(App\Controllers\Siswa))
 8 SYSTEMPATH\CodeIgniter.php(354): CodeIgniter\CodeIgniter->handleRequest(null, Object(Config\Cache), false)
 9 SYSTEMPATH\Boot.php(363): CodeIgniter\CodeIgniter->run()
10 SYSTEMPATH\Boot.php(68): CodeIgniter\Boot::runCodeIgniter(Object(CodeIgniter\CodeIgniter))
11 FCPATH\index.php(59): CodeIgniter\Boot::bootWeb(Object(Config\Paths))
12 SYSTEMPATH\rewrite.php(44): require_once('C:\\xampp\\htdocs\\irma ukk-pkt3\\codeigniter4-framework-e4d3702\\UKK_3\\website\\public\\index.php')
DEBUG - 2026-02-02 16:03:00 --> Session: Class initialized using 'CodeIgniter\Session\Handlers\FileHandler' driver.
CRITICAL - 2026-02-02 16:03:00 --> ErrorException: Undefined array key "id_aspirasi"
[Method: GET, Route: siswa/dashboard]
in APPPATH\Views\siswa\dashboard.php on line 136.
 1 APPPATH\Views\siswa\dashboard.php(136): CodeIgniter\Debug\Exceptions->errorHandler(2, 'Undefined array key "id_aspirasi"', 'C:\\xampp\\htdocs\\irma ukk-pkt3\\codeigniter4-framework-e4d3702\\UKK_3\\website\\app\\Views\\siswa\\dashboard.php', 136)
 2 SYSTEMPATH\View\View.php(226): include('C:\\xampp\\htdocs\\irma ukk-pkt3\\codeigniter4-framework-e4d3702\\UKK_3\\website\\app\\Views\\siswa\\dashboard.php')
 3 SYSTEMPATH\View\View.php(229): CodeIgniter\View\View->{closure:CodeIgniter\View\View::render():223}()
 4 SYSTEMPATH\Common.php(1199): CodeIgniter\View\View->render('siswa/dashboard', [], true)
 5 APPPATH\Controllers\Siswa.php(23): view('siswa/dashboard', [...])
 6 SYSTEMPATH\CodeIgniter.php(933): App\Controllers\Siswa->index()
 7 SYSTEMPATH\CodeIgniter.php(507): CodeIgniter\CodeIgniter->runController(Object(App\Controllers\Siswa))
 8 SYSTEMPATH\CodeIgniter.php(354): CodeIgniter\CodeIgniter->handleRequest(null, Object(Config\Cache), false)
 9 SYSTEMPATH\Boot.php(363): CodeIgniter\CodeIgniter->run()
10 SYSTEMPATH\Boot.php(68): CodeIgniter\Boot::runCodeIgniter(Object(CodeIgniter\CodeIgniter))
11 FCPATH\index.php(59): CodeIgniter\Boot::bootWeb(Object(Config\Paths))
12 SYSTEMPATH\rewrite.php(44): require_once('C:\\xampp\\htdocs\\irma ukk-pkt3\\codeigniter4-framework-e4d3702\\UKK_3\\website\\public\\index.php')
DEBUG - 2026-02-02 16:06:03 --> Session: Class initialized using 'CodeIgniter\Session\Handlers\FileHandler' driver.
CRITICAL - 2026-02-02 16:06:03 --> ErrorException: Undefined array key "id_aspirasi"
[Method: GET, Route: siswa/dashboard]
in APPPATH\Views\siswa\dashboard.php on line 116.
 1 APPPATH\Views\siswa\dashboard.php(116): CodeIgniter\Debug\Exceptions->errorHandler(2, 'Undefined array key "id_aspirasi"', 'C:\\xampp\\htdocs\\irma ukk-pkt3\\codeigniter4-framework-e4d3702\\UKK_3\\website\\app\\Views\\siswa\\dashboard.php', 116)
 2 SYSTEMPATH\View\View.php(226): include('C:\\xampp\\htdocs\\irma ukk-pkt3\\codeigniter4-framework-e4d3702\\UKK_3\\website\\app\\Views\\siswa\\dashboard.php')
 3 SYSTEMPATH\View\View.php(229): CodeIgniter\View\View->{closure:CodeIgniter\View\View::render():223}()
 4 SYSTEMPATH\Common.php(1199): CodeIgniter\View\View->render('siswa/dashboard', [], true)
 5 APPPATH\Controllers\Siswa.php(23): view('siswa/dashboard', [...])
 6 SYSTEMPATH\CodeIgniter.php(933): App\Controllers\Siswa->index()
 7 SYSTEMPATH\CodeIgniter.php(507): CodeIgniter\CodeIgniter->runController(Object(App\Controllers\Siswa))
 8 SYSTEMPATH\CodeIgniter.php(354): CodeIgniter\CodeIgniter->handleRequest(null, Object(Config\Cache), false)
 9 SYSTEMPATH\Boot.php(363): CodeIgniter\CodeIgniter->run()
10 SYSTEMPATH\Boot.php(68): CodeIgniter\Boot::runCodeIgniter(Object(CodeIgniter\CodeIgniter))
11 FCPATH\index.php(59): CodeIgniter\Boot::bootWeb(Object(Config\Paths))
12 SYSTEMPATH\rewrite.php(44): require_once('C:\\xampp\\htdocs\\irma ukk-pkt3\\codeigniter4-framework-e4d3702\\UKK_3\\website\\public\\index.php')
DEBUG - 2026-02-02 16:20:38 --> Session: Class initialized using 'CodeIgniter\Session\Handlers\FileHandler' driver.
CRITICAL - 2026-02-02 16:20:38 --> ErrorException: Undefined array key "keterangan"
[Method: GET, Route: siswa/dashboard]
in APPPATH\Views\siswa\dashboard.php on line 146.
 1 APPPATH\Views\siswa\dashboard.php(146): CodeIgniter\Debug\Exceptions->errorHandler(2, 'Undefined array key "keterangan"', 'C:\\xampp\\htdocs\\irma ukk-pkt3\\codeigniter4-framework-e4d3702\\UKK_3\\website\\app\\Views\\siswa\\dashboard.php', 146)
 2 SYSTEMPATH\View\View.php(226): include('C:\\xampp\\htdocs\\irma ukk-pkt3\\codeigniter4-framework-e4d3702\\UKK_3\\website\\app\\Views\\siswa\\dashboard.php')
 3 SYSTEMPATH\View\View.php(229): CodeIgniter\View\View->{closure:CodeIgniter\View\View::render():223}()
 4 SYSTEMPATH\Common.php(1199): CodeIgniter\View\View->render('siswa/dashboard', [], true)
 5 APPPATH\Controllers\Siswa.php(23): view('siswa/dashboard', [...])
 6 SYSTEMPATH\CodeIgniter.php(933): App\Controllers\Siswa->index()
 7 SYSTEMPATH\CodeIgniter.php(507): CodeIgniter\CodeIgniter->runController(Object(App\Controllers\Siswa))
 8 SYSTEMPATH\CodeIgniter.php(354): CodeIgniter\CodeIgniter->handleRequest(null, Object(Config\Cache), false)
 9 SYSTEMPATH\Boot.php(363): CodeIgniter\CodeIgniter->run()
10 SYSTEMPATH\Boot.php(68): CodeIgniter\Boot::runCodeIgniter(Object(CodeIgniter\CodeIgniter))
11 FCPATH\index.php(59): CodeIgniter\Boot::bootWeb(Object(Config\Paths))
12 SYSTEMPATH\rewrite.php(44): require_once('C:\\xampp\\htdocs\\irma ukk-pkt3\\codeigniter4-framework-e4d3702\\UKK_3\\website\\public\\index.php')
DEBUG - 2026-02-02 16:22:17 --> Session: Class initialized using 'CodeIgniter\Session\Handlers\FileHandler' driver.
CRITICAL - 2026-02-02 16:22:17 --> ErrorException: Undefined array key "tanggapan"
[Method: GET, Route: siswa/dashboard]
in APPPATH\Views\siswa\dashboard.php on line 151.
 1 APPPATH\Views\siswa\dashboard.php(151): CodeIgniter\Debug\Exceptions->errorHandler(2, 'Undefined array key "tanggapan"', 'C:\\xampp\\htdocs\\irma ukk-pkt3\\codeigniter4-framework-e4d3702\\UKK_3\\website\\app\\Views\\siswa\\dashboard.php', 151)
 2 SYSTEMPATH\View\View.php(226): include('C:\\xampp\\htdocs\\irma ukk-pkt3\\codeigniter4-framework-e4d3702\\UKK_3\\website\\app\\Views\\siswa\\dashboard.php')
 3 SYSTEMPATH\View\View.php(229): CodeIgniter\View\View->{closure:CodeIgniter\View\View::render():223}()
 4 SYSTEMPATH\Common.php(1199): CodeIgniter\View\View->render('siswa/dashboard', [], true)
 5 APPPATH\Controllers\Siswa.php(23): view('siswa/dashboard', [...])
 6 SYSTEMPATH\CodeIgniter.php(933): App\Controllers\Siswa->index()
 7 SYSTEMPATH\CodeIgniter.php(507): CodeIgniter\CodeIgniter->runController(Object(App\Controllers\Siswa))
 8 SYSTEMPATH\CodeIgniter.php(354): CodeIgniter\CodeIgniter->handleRequest(null, Object(Config\Cache), false)
 9 SYSTEMPATH\Boot.php(363): CodeIgniter\CodeIgniter->run()
10 SYSTEMPATH\Boot.php(68): CodeIgniter\Boot::runCodeIgniter(Object(CodeIgniter\CodeIgniter))
11 FCPATH\index.php(59): CodeIgniter\Boot::bootWeb(Object(Config\Paths))
12 SYSTEMPATH\rewrite.php(44): require_once('C:\\xampp\\htdocs\\irma ukk-pkt3\\codeigniter4-framework-e4d3702\\UKK_3\\website\\public\\index.php')
DEBUG - 2026-02-02 16:22:33 --> Session: Class initialized using 'CodeIgniter\Session\Handlers\FileHandler' driver.
DEBUG - 2026-02-02 16:29:24 --> Session: Class initialized using 'CodeIgniter\Session\Handlers\FileHandler' driver.
DEBUG - 2026-02-02 16:30:25 --> Session: Class initialized using 'CodeIgniter\Session\Handlers\FileHandler' driver.
DEBUG - 2026-02-02 16:30:27 --> Session: Class initialized using 'CodeIgniter\Session\Handlers\FileHandler' driver.
DEBUG - 2026-02-02 16:30:38 --> Session: Class initialized using 'CodeIgniter\Session\Handlers\FileHandler' driver.
DEBUG - 2026-02-02 16:30:39 --> Session: Class initialized using 'CodeIgniter\Session\Handlers\FileHandler' driver.
DEBUG - 2026-02-02 16:31:36 --> Session: Class initialized using 'CodeIgniter\Session\Handlers\FileHandler' driver.
DEBUG - 2026-02-02 16:42:31 --> Session: Class initialized using 'CodeIgniter\Session\Handlers\FileHandler' driver.
DEBUG - 2026-02-02 16:43:04 --> Session: Class initialized using 'CodeIgniter\Session\Handlers\FileHandler' driver.
DEBUG - 2026-02-02 16:48:25 --> Session: Class initialized using 'CodeIgniter\Session\Handlers\FileHandler' driver.
DEBUG - 2026-02-02 16:48:25 --> Session: Class initialized using 'CodeIgniter\Session\Handlers\FileHandler' driver.
DEBUG - 2026-02-02 16:50:21 --> Session: Class initialized using 'CodeIgniter\Session\Handlers\FileHandler' driver.
